<?xml version="1.0" encoding="UTF-8"?>
<testng-results ignored="0" total="1" passed="1" failed="0" skipped="0">
  <reporter-output>
  </reporter-output>
  <suite started-at="2022-04-12T12:27:50 IST" name="Default suite" finished-at="2022-04-12T12:28:09 IST" duration-ms="19421">
    <groups>
    </groups>
    <test started-at="2022-04-12T12:27:50 IST" name="Default test" finished-at="2022-04-12T12:28:09 IST" duration-ms="19421">
      <class name="testScript.CreateCustomer">
        <test-method is-config="true" signature="launchBrowser()[pri:0, instance:testScript.CreateCustomer@7c7b252e]" started-at="2022-04-12T12:27:50 IST" name="launchBrowser" finished-at="2022-04-12T12:27:53 IST" duration-ms="3195" status="PASS">
          <reporter-output>
          </reporter-output>
        </test-method> <!-- launchBrowser -->
        <test-method is-config="true" signature="loginApp()[pri:0, instance:testScript.CreateCustomer@7c7b252e]" started-at="2022-04-12T12:27:53 IST" name="loginApp" finished-at="2022-04-12T12:28:00 IST" duration-ms="6945" status="PASS">
          <reporter-output>
          </reporter-output>
        </test-method> <!-- loginApp -->
        <test-method signature="createCustomer()[pri:0, instance:testScript.CreateCustomer@7c7b252e]" started-at="2022-04-12T12:28:00 IST" name="createCustomer" finished-at="2022-04-12T12:28:07 IST" duration-ms="7311" status="PASS">
          <reporter-output>
          </reporter-output>
        </test-method> <!-- createCustomer -->
        <test-method is-config="true" signature="logoutApp()[pri:0, instance:testScript.CreateCustomer@7c7b252e]" started-at="2022-04-12T12:28:07 IST" name="logoutApp" finished-at="2022-04-12T12:28:09 IST" duration-ms="1830" status="PASS">
          <reporter-output>
          </reporter-output>
        </test-method> <!-- logoutApp -->
        <test-method is-config="true" signature="closeBrowser()[pri:0, instance:testScript.CreateCustomer@7c7b252e]" started-at="2022-04-12T12:28:09 IST" name="closeBrowser" finished-at="2022-04-12T12:28:09 IST" duration-ms="106" status="PASS">
          <reporter-output>
          </reporter-output>
        </test-method> <!-- closeBrowser -->
      </class> <!-- testScript.CreateCustomer -->
    </test> <!-- Default test -->
  </suite> <!-- Default suite -->
</testng-results>
